/home/kwamboka/embodiedIntelligence/ros2_ws2/src/rbot_modeling/install/rbot_modeling/lib/python3.12/site-packages/rbot_modeling/send_trajectories.py
/home/kwamboka/embodiedIntelligence/ros2_ws2/src/rbot_modeling/install/rbot_modeling/lib/python3.12/site-packages/rbot_modeling/__init__.py
/home/kwamboka/embodiedIntelligence/ros2_ws2/src/rbot_modeling/install/rbot_modeling/lib/python3.12/site-packages/rbot_modeling/__pycache__/send_trajectories.cpython-312.pyc
/home/kwamboka/embodiedIntelligence/ros2_ws2/src/rbot_modeling/install/rbot_modeling/lib/python3.12/site-packages/rbot_modeling/__pycache__/__init__.cpython-312.pyc
/home/kwamboka/embodiedIntelligence/ros2_ws2/src/rbot_modeling/install/rbot_modeling/share/ament_index/resource_index/packages/rbot_modeling
/home/kwamboka/embodiedIntelligence/ros2_ws2/src/rbot_modeling/install/rbot_modeling/share/rbot_modeling/package.xml
/home/kwamboka/embodiedIntelligence/ros2_ws2/src/rbot_modeling/install/rbot_modeling/share/rbot_modeling/launch/gazebo.launch.py
/home/kwamboka/embodiedIntelligence/ros2_ws2/src/rbot_modeling/install/rbot_modeling/share/rbot_modeling/launch/display.launch.py
/home/kwamboka/embodiedIntelligence/ros2_ws2/src/rbot_modeling/install/rbot_modeling/share/rbot_modeling/urdf/robotarm1.urdf
/home/kwamboka/embodiedIntelligence/ros2_ws2/src/rbot_modeling/install/rbot_modeling/share/rbot_modeling/urdf/robot_transmissions.urdf.xacro
/home/kwamboka/embodiedIntelligence/ros2_ws2/src/rbot_modeling/install/rbot_modeling/share/rbot_modeling/urdf/robot1.urdf.xacro
/home/kwamboka/embodiedIntelligence/ros2_ws2/src/rbot_modeling/install/rbot_modeling/share/rbot_modeling/urdf/robot_gazebo.urdf.xacro
/home/kwamboka/embodiedIntelligence/ros2_ws2/src/rbot_modeling/install/rbot_modeling/share/rbot_modeling/urdf/robot2.urdf.xacro
/home/kwamboka/embodiedIntelligence/ros2_ws2/src/rbot_modeling/install/rbot_modeling/share/rbot_modeling/urdf/macros2.urdf.xacro
/home/kwamboka/embodiedIntelligence/ros2_ws2/src/rbot_modeling/install/rbot_modeling/share/rbot_modeling/urdf/macros.urdf.xacro
/home/kwamboka/embodiedIntelligence/ros2_ws2/src/rbot_modeling/install/rbot_modeling/share/rbot_modeling/urdf/robot_control.urdf.xacro
/home/kwamboka/embodiedIntelligence/ros2_ws2/src/rbot_modeling/install/rbot_modeling/share/rbot_modeling/rviz
/home/kwamboka/embodiedIntelligence/ros2_ws2/src/rbot_modeling/install/rbot_modeling/lib/python3.12/site-packages/rbot_modeling-0.0.0-py3.12.egg-info/SOURCES.txt
/home/kwamboka/embodiedIntelligence/ros2_ws2/src/rbot_modeling/install/rbot_modeling/lib/python3.12/site-packages/rbot_modeling-0.0.0-py3.12.egg-info/entry_points.txt
/home/kwamboka/embodiedIntelligence/ros2_ws2/src/rbot_modeling/install/rbot_modeling/lib/python3.12/site-packages/rbot_modeling-0.0.0-py3.12.egg-info/zip-safe
/home/kwamboka/embodiedIntelligence/ros2_ws2/src/rbot_modeling/install/rbot_modeling/lib/python3.12/site-packages/rbot_modeling-0.0.0-py3.12.egg-info/dependency_links.txt
/home/kwamboka/embodiedIntelligence/ros2_ws2/src/rbot_modeling/install/rbot_modeling/lib/python3.12/site-packages/rbot_modeling-0.0.0-py3.12.egg-info/requires.txt
/home/kwamboka/embodiedIntelligence/ros2_ws2/src/rbot_modeling/install/rbot_modeling/lib/python3.12/site-packages/rbot_modeling-0.0.0-py3.12.egg-info/PKG-INFO
/home/kwamboka/embodiedIntelligence/ros2_ws2/src/rbot_modeling/install/rbot_modeling/lib/python3.12/site-packages/rbot_modeling-0.0.0-py3.12.egg-info/top_level.txt
/home/kwamboka/embodiedIntelligence/ros2_ws2/src/rbot_modeling/install/rbot_modeling/lib/rbot_modeling/send_trajectories
