[2.446s] DEBUG:colcon:Command line arguments: ['/home/kwamboka/anaconda3/bin/colcon', 'build', '--packages-select', 'rbot_modeling']
[2.447s] DEBUG:colcon:Parsed command line arguments: Namespace(log_base=None, log_level=None, verb_name='build', build_base='build', install_base='install', merge_install=False, symlink_install=False, test_result_base=None, continue_on_error=False, executor='parallel', parallel_workers=4, event_handlers=None, ignore_user_meta=False, metas=['./colcon.meta'], base_paths=['.'], packages_ignore=None, packages_ignore_regex=None, paths=None, packages_up_to=None, packages_up_to_regex=None, packages_above=None, packages_above_and_dependencies=None, packages_above_depth=None, packages_select_by_dep=None, packages_skip_by_dep=None, packages_skip_up_to=None, packages_select_build_failed=False, packages_skip_build_finished=False, packages_select_test_failures=False, packages_skip_test_passed=False, packages_select=['rbot_modeling'], packages_skip=None, packages_select_regex=None, packages_skip_regex=None, packages_start=None, packages_end=None, cmake_args=None, cmake_target=None, cmake_target_skip_unavailable=False, cmake_clean_cache=False, cmake_clean_first=False, cmake_force_configure=False, ament_cmake_args=None, catkin_cmake_args=None, catkin_skip_building_tests=False, verb_parser=<colcon_defaults.argument_parser.defaults.DefaultArgumentsDecorator object at 0x76ed11b73230>, verb_extension=<colcon_core.verb.build.BuildVerb object at 0x76ed11ce3cb0>, main=<bound method BuildVerb.main of <colcon_core.verb.build.BuildVerb object at 0x76ed11ce3cb0>>)
[3.049s] Level 1:colcon.colcon_core.package_discovery:discover_packages(colcon_meta) check parameters
[3.050s] Level 1:colcon.colcon_core.package_discovery:discover_packages(recursive) check parameters
[3.050s] Level 1:colcon.colcon_core.package_discovery:discover_packages(ignore) check parameters
[3.051s] Level 1:colcon.colcon_core.package_discovery:discover_packages(path) check parameters
[3.051s] Level 1:colcon.colcon_core.package_discovery:discover_packages(colcon_meta) discover
[3.051s] Level 1:colcon.colcon_core.package_discovery:discover_packages(recursive) discover
[3.051s] INFO:colcon.colcon_core.package_discovery:Crawling recursively for packages in '/home/kwamboka/embodiedIntelligence/ros2_ws2/src/rbot_modeling'
[3.051s] Level 1:colcon.colcon_core.package_identification:_identify(.) by extensions ['ignore', 'ignore_ament_install']
[3.052s] Level 1:colcon.colcon_core.package_identification:_identify(.) by extension 'ignore'
[3.052s] Level 1:colcon.colcon_core.package_identification:_identify(.) by extension 'ignore_ament_install'
[3.052s] Level 1:colcon.colcon_core.package_identification:_identify(.) by extensions ['colcon_pkg']
[3.052s] Level 1:colcon.colcon_core.package_identification:_identify(.) by extension 'colcon_pkg'
[3.052s] Level 1:colcon.colcon_core.package_identification:_identify(.) by extensions ['colcon_meta']
[3.052s] Level 1:colcon.colcon_core.package_identification:_identify(.) by extension 'colcon_meta'
[3.053s] Level 1:colcon.colcon_core.package_identification:_identify(.) by extensions ['ros']
[3.053s] Level 1:colcon.colcon_core.package_identification:_identify(.) by extension 'ros'
[3.435s] DEBUG:colcon.colcon_core.package_identification:Package '.' with type 'ros.ament_python' and name 'rbot_modeling'
[3.436s] Level 1:colcon.colcon_core.package_discovery:discover_packages(recursive) using defaults
[3.436s] Level 1:colcon.colcon_core.package_discovery:discover_packages(ignore) discover
[3.436s] Level 1:colcon.colcon_core.package_discovery:discover_packages(ignore) using defaults
[3.436s] Level 1:colcon.colcon_core.package_discovery:discover_packages(path) discover
[3.436s] Level 1:colcon.colcon_core.package_discovery:discover_packages(path) using defaults
[3.646s] Level 5:colcon.colcon_core.verb:set package 'rbot_modeling' build argument 'cmake_args' from command line to 'None'
[3.647s] Level 5:colcon.colcon_core.verb:set package 'rbot_modeling' build argument 'cmake_target' from command line to 'None'
[3.647s] Level 5:colcon.colcon_core.verb:set package 'rbot_modeling' build argument 'cmake_target_skip_unavailable' from command line to 'False'
[3.647s] Level 5:colcon.colcon_core.verb:set package 'rbot_modeling' build argument 'cmake_clean_cache' from command line to 'False'
[3.647s] Level 5:colcon.colcon_core.verb:set package 'rbot_modeling' build argument 'cmake_clean_first' from command line to 'False'
[3.647s] Level 5:colcon.colcon_core.verb:set package 'rbot_modeling' build argument 'cmake_force_configure' from command line to 'False'
[3.647s] Level 5:colcon.colcon_core.verb:set package 'rbot_modeling' build argument 'ament_cmake_args' from command line to 'None'
[3.647s] Level 5:colcon.colcon_core.verb:set package 'rbot_modeling' build argument 'catkin_cmake_args' from command line to 'None'
[3.647s] Level 5:colcon.colcon_core.verb:set package 'rbot_modeling' build argument 'catkin_skip_building_tests' from command line to 'False'
[3.647s] DEBUG:colcon.colcon_core.verb:Building package 'rbot_modeling' with the following arguments: {'ament_cmake_args': None, 'build_base': '/home/kwamboka/embodiedIntelligence/ros2_ws2/src/rbot_modeling/build/rbot_modeling', 'catkin_cmake_args': None, 'catkin_skip_building_tests': False, 'cmake_args': None, 'cmake_clean_cache': False, 'cmake_clean_first': False, 'cmake_force_configure': False, 'cmake_target': None, 'cmake_target_skip_unavailable': False, 'install_base': '/home/kwamboka/embodiedIntelligence/ros2_ws2/src/rbot_modeling/install/rbot_modeling', 'merge_install': False, 'path': '/home/kwamboka/embodiedIntelligence/ros2_ws2/src/rbot_modeling', 'symlink_install': False, 'test_result_base': None}
[3.648s] INFO:colcon.colcon_core.executor:Executing jobs using 'parallel' executor
[3.650s] DEBUG:colcon.colcon_parallel_executor.executor.parallel:run_until_complete
[3.651s] INFO:colcon.colcon_ros.task.ament_python.build:Building ROS package in '/home/kwamboka/embodiedIntelligence/ros2_ws2/src/rbot_modeling' with build type 'ament_python'
[3.653s] Level 1:colcon.colcon_core.shell:create_environment_hook('rbot_modeling', 'ament_prefix_path')
[3.695s] INFO:colcon.colcon_core.plugin_system:Skipping extension 'colcon_core.shell.bat': Not used on non-Windows systems
[3.696s] INFO:colcon.colcon_core.shell:Creating environment hook '/home/kwamboka/embodiedIntelligence/ros2_ws2/src/rbot_modeling/install/rbot_modeling/share/rbot_modeling/hook/ament_prefix_path.ps1'
[3.711s] INFO:colcon.colcon_core.shell:Creating environment descriptor '/home/kwamboka/embodiedIntelligence/ros2_ws2/src/rbot_modeling/install/rbot_modeling/share/rbot_modeling/hook/ament_prefix_path.dsv'
[3.716s] INFO:colcon.colcon_core.shell:Creating environment hook '/home/kwamboka/embodiedIntelligence/ros2_ws2/src/rbot_modeling/install/rbot_modeling/share/rbot_modeling/hook/ament_prefix_path.sh'
[3.722s] INFO:colcon.colcon_core.shell:Skip shell extension 'powershell' for command environment: Not usable outside of PowerShell
[3.723s] DEBUG:colcon.colcon_core.shell:Skip shell extension 'dsv' for command environment
[5.053s] INFO:colcon.colcon_core.task.python.build:Building Python package in '/home/kwamboka/embodiedIntelligence/ros2_ws2/src/rbot_modeling'
[5.053s] INFO:colcon.colcon_core.shell:Skip shell extension 'powershell' for command environment: Not usable outside of PowerShell
[5.053s] DEBUG:colcon.colcon_core.shell:Skip shell extension 'dsv' for command environment
[10.273s] DEBUG:colcon.colcon_core.event_handler.log_command:Invoking command in '/home/kwamboka/embodiedIntelligence/ros2_ws2/src/rbot_modeling': CONDA_PROMPT_MODIFIER=(base) PYTHONPATH=/home/kwamboka/embodiedIntelligence/ros2_ws2/src/rbot_modeling/build/rbot_modeling/prefix_override:/home/kwamboka/anaconda3/lib/python3.12/site-packages/colcon_core/task/python/colcon_distutils_commands:/home/kwamboka/embodiedIntelligence/ros2_ws2/src/rbot_modeling/install/rbot_modeling/lib/python3.12/site-packages:${PYTHONPATH} /home/kwamboka/anaconda3/bin/python -W ignore:setup.py install is deprecated setup.py egg_info --egg-base build/rbot_modeling build --build-base /home/kwamboka/embodiedIntelligence/ros2_ws2/src/rbot_modeling/build/rbot_modeling/build install --record /home/kwamboka/embodiedIntelligence/ros2_ws2/src/rbot_modeling/build/rbot_modeling/install.log --single-version-externally-managed install_data
[11.452s] DEBUG:colcon.colcon_core.event_handler.log_command:Invoked command in '/home/kwamboka/embodiedIntelligence/ros2_ws2/src/rbot_modeling' returned '0': CONDA_PROMPT_MODIFIER=(base) PYTHONPATH=/home/kwamboka/embodiedIntelligence/ros2_ws2/src/rbot_modeling/build/rbot_modeling/prefix_override:/home/kwamboka/anaconda3/lib/python3.12/site-packages/colcon_core/task/python/colcon_distutils_commands:/home/kwamboka/embodiedIntelligence/ros2_ws2/src/rbot_modeling/install/rbot_modeling/lib/python3.12/site-packages:${PYTHONPATH} /home/kwamboka/anaconda3/bin/python -W ignore:setup.py install is deprecated setup.py egg_info --egg-base build/rbot_modeling build --build-base /home/kwamboka/embodiedIntelligence/ros2_ws2/src/rbot_modeling/build/rbot_modeling/build install --record /home/kwamboka/embodiedIntelligence/ros2_ws2/src/rbot_modeling/build/rbot_modeling/install.log --single-version-externally-managed install_data
[11.522s] Level 1:colcon.colcon_core.environment:checking '/home/kwamboka/embodiedIntelligence/ros2_ws2/src/rbot_modeling/install/rbot_modeling' for CMake module files
[11.524s] Level 1:colcon.colcon_core.environment:checking '/home/kwamboka/embodiedIntelligence/ros2_ws2/src/rbot_modeling/install/rbot_modeling' for CMake config files
[11.527s] Level 1:colcon.colcon_core.environment:checking '/home/kwamboka/embodiedIntelligence/ros2_ws2/src/rbot_modeling/install/rbot_modeling/lib'
[11.528s] Level 1:colcon.colcon_core.environment:checking '/home/kwamboka/embodiedIntelligence/ros2_ws2/src/rbot_modeling/install/rbot_modeling/bin'
[11.528s] Level 1:colcon.colcon_core.environment:checking '/home/kwamboka/embodiedIntelligence/ros2_ws2/src/rbot_modeling/install/rbot_modeling/lib/pkgconfig/rbot_modeling.pc'
[11.529s] Level 1:colcon.colcon_core.environment:checking '/home/kwamboka/embodiedIntelligence/ros2_ws2/src/rbot_modeling/install/rbot_modeling/lib/python3.12/site-packages'
[11.530s] Level 1:colcon.colcon_core.shell:create_environment_hook('rbot_modeling', 'pythonpath')
[11.531s] INFO:colcon.colcon_core.shell:Creating environment hook '/home/kwamboka/embodiedIntelligence/ros2_ws2/src/rbot_modeling/install/rbot_modeling/share/rbot_modeling/hook/pythonpath.ps1'
[11.532s] INFO:colcon.colcon_core.shell:Creating environment descriptor '/home/kwamboka/embodiedIntelligence/ros2_ws2/src/rbot_modeling/install/rbot_modeling/share/rbot_modeling/hook/pythonpath.dsv'
[11.533s] INFO:colcon.colcon_core.shell:Creating environment hook '/home/kwamboka/embodiedIntelligence/ros2_ws2/src/rbot_modeling/install/rbot_modeling/share/rbot_modeling/hook/pythonpath.sh'
[11.536s] Level 1:colcon.colcon_core.environment:checking '/home/kwamboka/embodiedIntelligence/ros2_ws2/src/rbot_modeling/install/rbot_modeling/bin'
[11.536s] Level 1:colcon.colcon_core.environment:create_environment_scripts_only(rbot_modeling)
[11.538s] INFO:colcon.colcon_core.shell:Creating package script '/home/kwamboka/embodiedIntelligence/ros2_ws2/src/rbot_modeling/install/rbot_modeling/share/rbot_modeling/package.ps1'
[11.553s] INFO:colcon.colcon_core.shell:Creating package descriptor '/home/kwamboka/embodiedIntelligence/ros2_ws2/src/rbot_modeling/install/rbot_modeling/share/rbot_modeling/package.dsv'
[11.558s] INFO:colcon.colcon_core.shell:Creating package script '/home/kwamboka/embodiedIntelligence/ros2_ws2/src/rbot_modeling/install/rbot_modeling/share/rbot_modeling/package.sh'
[11.560s] INFO:colcon.colcon_core.shell:Creating package script '/home/kwamboka/embodiedIntelligence/ros2_ws2/src/rbot_modeling/install/rbot_modeling/share/rbot_modeling/package.bash'
[11.571s] INFO:colcon.colcon_core.shell:Creating package script '/home/kwamboka/embodiedIntelligence/ros2_ws2/src/rbot_modeling/install/rbot_modeling/share/rbot_modeling/package.zsh'
[11.585s] Level 1:colcon.colcon_core.environment:create_file_with_runtime_dependencies(/home/kwamboka/embodiedIntelligence/ros2_ws2/src/rbot_modeling/install/rbot_modeling/share/colcon-core/packages/rbot_modeling)
[11.586s] DEBUG:colcon.colcon_parallel_executor.executor.parallel:closing loop
[11.586s] DEBUG:colcon.colcon_parallel_executor.executor.parallel:loop closed
[11.586s] DEBUG:colcon.colcon_parallel_executor.executor.parallel:run_until_complete finished with '0'
[11.586s] DEBUG:colcon.colcon_core.event_reactor:joining thread
[11.610s] INFO:colcon.colcon_core.plugin_system:Skipping extension 'colcon_notification.desktop_notification.notify2': 'notify2' not found
[11.611s] INFO:colcon.colcon_core.plugin_system:Skipping extension 'colcon_notification.desktop_notification.terminal_notifier': Not used on non-Darwin systems
[11.611s] INFO:colcon.colcon_core.plugin_system:Skipping extension 'colcon_notification.desktop_notification.win32': Not used on non-Windows systems
[11.611s] INFO:colcon.colcon_notification.desktop_notification:Sending desktop notification using 'notify_send'
[11.675s] DEBUG:colcon.colcon_core.event_reactor:joined thread
[11.676s] INFO:colcon.colcon_core.shell:Creating prefix script '/home/kwamboka/embodiedIntelligence/ros2_ws2/src/rbot_modeling/install/local_setup.ps1'
[11.679s] INFO:colcon.colcon_core.shell:Creating prefix util module '/home/kwamboka/embodiedIntelligence/ros2_ws2/src/rbot_modeling/install/_local_setup_util_ps1.py'
[11.704s] INFO:colcon.colcon_core.shell:Creating prefix chain script '/home/kwamboka/embodiedIntelligence/ros2_ws2/src/rbot_modeling/install/setup.ps1'
[11.710s] INFO:colcon.colcon_core.shell:Creating prefix script '/home/kwamboka/embodiedIntelligence/ros2_ws2/src/rbot_modeling/install/local_setup.sh'
[11.713s] INFO:colcon.colcon_core.shell:Creating prefix util module '/home/kwamboka/embodiedIntelligence/ros2_ws2/src/rbot_modeling/install/_local_setup_util_sh.py'
[11.714s] INFO:colcon.colcon_core.shell:Creating prefix chain script '/home/kwamboka/embodiedIntelligence/ros2_ws2/src/rbot_modeling/install/setup.sh'
[11.721s] INFO:colcon.colcon_core.shell:Creating prefix script '/home/kwamboka/embodiedIntelligence/ros2_ws2/src/rbot_modeling/install/local_setup.bash'
[11.722s] INFO:colcon.colcon_core.shell:Creating prefix chain script '/home/kwamboka/embodiedIntelligence/ros2_ws2/src/rbot_modeling/install/setup.bash'
[11.728s] INFO:colcon.colcon_core.shell:Creating prefix script '/home/kwamboka/embodiedIntelligence/ros2_ws2/src/rbot_modeling/install/local_setup.zsh'
[11.730s] INFO:colcon.colcon_core.shell:Creating prefix chain script '/home/kwamboka/embodiedIntelligence/ros2_ws2/src/rbot_modeling/install/setup.zsh'
